<?xml version="1.0" encoding="UTF-8"?>
<!-- Generated by org.testng.reporters.JUnitReportReporter -->
<testsuite hostname="Z2-493" failures="0" tests="2" name="seleniumjava.frames" time="0.007" errors="0" timestamp="2024-04-03T19:48:39 IST" skipped="1">
  <testcase classname="seleniumjava.frames" name="verifydraggable" time="0.007"/>
  <system-out/>
  <testcase classname="seleniumjava.frames" name="handlingframes">
    <skipped/>
  </testcase> <!-- handlingframes -->
  <system-out/>
</testsuite> <!-- seleniumjava.frames -->
