<?xml version="1.0" encoding="UTF-8"?>
<!-- Generated by org.testng.reporters.JUnitReportReporter -->
<testsuite hostname="Z2-493" failures="0" tests="3" name="seleniumjava.findelements" time="4.277" errors="0" timestamp="2024-04-11T09:50:10 IST" skipped="0">
  <testcase classname="seleniumjava.findelements" name="verifytotallinkscount" time="1.215"/>
  <system-out/>
  <testcase classname="seleniumjava.findelements" name="footerlinks" time="0.196"/>
  <system-out/>
  <testcase classname="seleniumjava.findelements" name="collinks" time="2.866"/>
  <system-out/>
</testsuite> <!-- seleniumjava.findelements -->
