<?xml version="1.0" encoding="UTF-8"?>
<!-- Generated by org.testng.reporters.JUnitReportReporter -->
<testsuite hostname="Z2-493" failures="0" tests="2" name="seleniumjava.cyclosng" time="9.387" errors="0" timestamp="2024-04-13T10:30:33 IST" skipped="1">
  <testcase classname="seleniumjava.cyclosng" name="login" time="9.387"/>
  <system-out/>
  <testcase classname="seleniumjava.cyclosng" name="signup">
    <skipped/>
  </testcase> <!-- signup -->
  <system-out/>
</testsuite> <!-- seleniumjava.cyclosng -->
