<?xml version="1.0" encoding="UTF-8"?>
<!-- Generated by org.testng.reporters.JUnitReportReporter -->
<testsuite hostname="Z2-493" failures="0" tests="1" name="seleniumjava.demong" time="0.008" errors="0" timestamp="2024-04-01T11:27:57 IST" skipped="0">
  <testcase classname="seleniumjava.demong" name="test1" time="0.008"/>
  <system-out/>
</testsuite> <!-- seleniumjava.demong -->
