<?xml version="1.0" encoding="UTF-8"?>
<!-- Generated by org.testng.reporters.JUnitReportReporter -->
<testsuite hostname="Z2-493" failures="0" tests="2" name="seleniumjava.handlingalerts" time="7.705" errors="0" timestamp="2024-04-06T11:46:33 IST" skipped="0">
  <testcase classname="seleniumjava.handlingalerts" name="verifyalertdismiss" time="2.344"/>
  <system-out/>
  <testcase classname="seleniumjava.handlingalerts" name="verifyalerts" time="5.361"/>
  <system-out/>
</testsuite> <!-- seleniumjava.handlingalerts -->
